2025-11-17 12:54:43,793 - INFO - CSVファイルを作成: disney_wait_times.csv
2025-11-17 12:54:43,793 - INFO - スクレイピング開始（5分間隔）
2025-11-17 12:54:43,793 - INFO - 停止するには Ctrl+C を押してください
2025-11-17 12:54:43,793 - INFO - データ取得中...
2025-11-17 12:54:44,796 - WARNING - データが取得できませんでした
2025-11-17 12:55:51,071 - INFO - 
スクレイピングを停止しました
2025-11-17 12:55:52,912 - INFO - スクレイピング開始（5分間隔）
2025-11-17 12:55:52,912 - INFO - 停止するには Ctrl+C を押してください
2025-11-17 12:55:52,912 - INFO - データ取得中...
2025-11-17 12:55:53,098 - ERROR - データ取得エラー: Expecting value: line 1 column 1 (char 0)
2025-11-17 12:55:53,103 - WARNING - データが取得できませんでした
2025-11-17 13:00:53,104 - INFO - データ取得中...
2025-11-17 13:00:53,512 - ERROR - データ取得エラー: Expecting value: line 1 column 1 (char 0)
2025-11-17 13:00:53,513 - WARNING - データが取得できませんでした
2025-11-17 13:01:17,532 - INFO - 
スクレイピングを停止しました
2025-11-17 18:49:26,652 - INFO - スクレイピング開始（5分間隔）
2025-11-17 18:49:26,652 - INFO - 停止するには Ctrl+C を押してください
2025-11-17 18:49:26,652 - INFO - データ取得中...
2025-11-17 18:49:34,960 - ERROR - 予期しないエラー: 'DisneyWaitTimeScraper' object has no attribute '_parse_themeparks_data'
2025-11-17 18:52:51,924 - INFO - スクレイピング開始（5分間隔）
2025-11-17 18:52:51,925 - INFO - 停止するには Ctrl+C を押してください
2025-11-17 18:52:51,925 - INFO - データ取得中...
2025-11-17 18:53:30,177 - INFO - 
スクレイピングを停止しました
2025-11-17 18:54:09,723 - INFO - スクレイピング開始（5分間隔）
2025-11-17 18:54:09,724 - INFO - 停止するには Ctrl+C を押してください
2025-11-17 18:54:09,724 - INFO - データ取得中...
2025-11-17 18:54:17,276 - ERROR - 予期しないエラー: 'str' object has no attribute 'get'
2025-11-17 18:55:29,111 - INFO - スクレイピング開始（5分間隔）
2025-11-17 18:55:29,112 - INFO - 停止するには Ctrl+C を押してください
2025-11-17 18:55:29,112 - INFO - データ取得中...
2025-11-17 19:01:56,530 - INFO - スクレイピング開始（5分間隔）
2025-11-17 19:01:56,531 - INFO - 停止するには Ctrl+C を押してください
2025-11-17 19:01:56,531 - INFO - データ取得中...
2025-11-17 19:02:52,908 - INFO - スクレイピング開始（5分間隔）
2025-11-17 19:02:52,909 - INFO - 停止するには Ctrl+C を押してください
2025-11-17 19:02:52,909 - INFO - データ取得中...
2025-11-17 19:03:51,026 - INFO - スクレイピング開始（5分間隔）
2025-11-17 19:03:51,026 - INFO - 停止するには Ctrl+C を押してください
2025-11-17 19:03:51,026 - INFO - データ取得中...
2025-11-17 19:03:58,346 - INFO - 1件のデータを保存しました
2025-11-17 19:03:58,346 - INFO - 次回取得: 5分後
2025-11-17 19:08:58,368 - INFO - データ取得中...
2025-11-17 19:09:07,508 - INFO - 1件のデータを保存しました
2025-11-17 19:09:07,508 - INFO - 次回取得: 5分後
2025-11-17 19:10:23,069 - INFO - 
スクレイピングを停止しました
